# JRE version: Java(TM) SE Runtime Environment (8.0_411) (build 1.8.0_411-b09)
# Java VM: Java HotSpot(TM) 64-Bit Server VM (25.411-b09 mixed mode windows-amd64 compressed oops)
Heap:
 PSYoungGen      total 99840K, used 66465K [0x000000076c400000, 0x0000000774900000, 0x00000007c0000000)
  eden space 72704K, 87% used [0x000000076c400000,0x0000000770224220,0x0000000770b00000)
  from space 27136K, 10% used [0x0000000770b00000,0x0000000770dc41e0,0x0000000772580000)
  to   space 26624K, 0% used [0x0000000772f00000,0x0000000772f00000,0x0000000774900000)
 ParOldGen       total 108544K, used 67224K [0x00000006c4c00000, 0x00000006cb600000, 0x000000076c400000)
  object space 108544K, 61% used [0x00000006c4c00000,0x00000006c8da62f8,0x00000006cb600000)
 Metaspace       used 20010K, capacity 20254K, committed 20608K, reserved 1067008K
  class space    used 2071K, capacity 2145K, committed 2176K, reserved 1048576K
GC Heap History (10 events):
Event: 2017.450 GC heap before
{Heap before GC invocations=2015 (full 9):
 PSYoungGen      total 77312K, used 76484K [0x000000076c400000, 0x0000000773800000, 0x00000007c0000000)
  eden space 53760K, 100% used [0x000000076c400000,0x000000076f880000,0x000000076f880000)
  from space 23552K, 96% used [0x000000076f880000,0x0000000770eb1278,0x0000000770f80000)
  to   space 27136K, 0% used [0x0000000771d80000,0x0000000771d80000,0x0000000773800000)
 ParOldGen       total 108544K, used 82674K [0x00000006c4c00000, 0x00000006cb600000, 0x000000076c400000)
  object space 108544K, 76% used [0x00000006c4c00000,0x00000006c9cbcba0,0x00000006cb600000)
 Metaspace       used 20010K, capacity 20254K, committed 20608K, reserved 1067008K
  class space    used 2071K, capacity 2145K, committed 2176K, reserved 1048576K
Event: 2017.462 GC heap after
Heap after GC invocations=2015 (full 9):
 PSYoungGen      total 90112K, used 17632K [0x000000076c400000, 0x0000000773b00000, 0x00000007c0000000)
  eden space 62976K, 0% used [0x000000076c400000,0x000000076c400000,0x0000000770180000)
  from space 27136K, 64% used [0x0000000771d80000,0x0000000772eb81b0,0x0000000773800000)
  to   space 28672K, 0% used [0x0000000770180000,0x0000000770180000,0x0000000771d80000)
 ParOldGen       total 108544K, used 106081K [0x00000006c4c00000, 0x00000006cb600000, 0x000000076c400000)
  object space 108544K, 97% used [0x00000006c4c00000,0x00000006cb398470,0x00000006cb600000)
 Metaspace       used 20010K, capacity 20254K, committed 20608K, reserved 1067008K
  class space    used 2071K, capacity 2145K, committed 2176K, reserved 1048576K
}
Event: 2017.462 GC heap before
{Heap before GC invocations=2016 (full 10):
 PSYoungGen      total 90112K, used 17632K [0x000000076c400000, 0x0000000773b00000, 0x00000007c0000000)
  eden space 62976K, 0% used [0x000000076c400000,0x000000076c400000,0x0000000770180000)
  from space 27136K, 64% used [0x0000000771d80000,0x0000000772eb81b0,0x0000000773800000)
  to   space 28672K, 0% used [0x0000000770180000,0x0000000770180000,0x0000000771d80000)
 ParOldGen       total 108544K, used 106081K [0x00000006c4c00000, 0x00000006cb600000, 0x000000076c400000)
  object space 108544K, 97% used [0x00000006c4c00000,0x00000006cb398470,0x00000006cb600000)
 Metaspace       used 20010K, capacity 20254K, committed 20608K, reserved 1067008K
  class space    used 2071K, capacity 2145K, committed 2176K, reserved 1048576K
Event: 2017.528 GC heap after
Heap after GC invocations=2016 (full 10):
 PSYoungGen      total 90112K, used 0K [0x000000076c400000, 0x0000000773b00000, 0x00000007c0000000)
  eden space 62976K, 0% used [0x000000076c400000,0x000000076c400000,0x0000000770180000)
  from space 27136K, 0% used [0x0000000771d80000,0x0000000771d80000,0x0000000773800000)
  to   space 28672K, 0% used [0x0000000770180000,0x0000000770180000,0x0000000771d80000)
 ParOldGen       total 108544K, used 66365K [0x00000006c4c00000, 0x00000006cb600000, 0x000000076c400000)
  object space 108544K, 61% used [0x00000006c4c00000,0x00000006c8ccf410,0x00000006cb600000)
 Metaspace       used 20010K, capacity 20254K, committed 20608K, reserved 1067008K
  class space    used 2071K, capacity 2145K, committed 2176K, reserved 1048576K
}
Event: 2019.279 GC heap before
{Heap before GC invocations=2017 (full 10):
 PSYoungGen      total 90112K, used 62976K [0x000000076c400000, 0x0000000773b00000, 0x00000007c0000000)
  eden space 62976K, 100% used [0x000000076c400000,0x0000000770180000,0x0000000770180000)
  from space 27136K, 0% used [0x0000000771d80000,0x0000000771d80000,0x0000000773800000)
  to   space 28672K, 0% used [0x0000000770180000,0x0000000770180000,0x0000000771d80000)
 ParOldGen       total 108544K, used 66365K [0x00000006c4c00000, 0x00000006cb600000, 0x000000076c400000)
  object space 108544K, 61% used [0x00000006c4c00000,0x00000006c8ccf410,0x00000006cb600000)
 Metaspace       used 20010K, capacity 20254K, committed 20608K, reserved 1067008K
  class space    used 2071K, capacity 2145K, committed 2176K, reserved 1048576K
Event: 2019.284 GC heap after
Heap after GC invocations=2017 (full 10):
 PSYoungGen      total 91648K, used 3618K [0x000000076c400000, 0x0000000774280000, 0x00000007c0000000)
  eden space 62976K, 0% used [0x000000076c400000,0x000000076c400000,0x0000000770180000)
  from space 28672K, 12% used [0x0000000770180000,0x0000000770508be8,0x0000000771d80000)
  to   space 28160K, 0% used [0x0000000772700000,0x0000000772700000,0x0000000774280000)
 ParOldGen       total 108544K, used 66365K [0x00000006c4c00000, 0x00000006cb600000, 0x000000076c400000)
  object space 108544K, 61% used [0x00000006c4c00000,0x00000006c8ccf410,0x00000006cb600000)
 Metaspace       used 20010K, capacity 20254K, committed 20608K, reserved 1067008K
  class space    used 2071K, capacity 2145K, committed 2176K, reserved 1048576K
}
Event: 2021.158 GC heap before
{Heap before GC invocations=2018 (full 10):
 PSYoungGen      total 91648K, used 66571K [0x000000076c400000, 0x0000000774280000, 0x00000007c0000000)
  eden space 62976K, 99% used [0x000000076c400000,0x000000077017a360,0x0000000770180000)
  from space 28672K, 12% used [0x0000000770180000,0x0000000770508be8,0x0000000771d80000)
  to   space 28160K, 0% used [0x0000000772700000,0x0000000772700000,0x0000000774280000)
 ParOldGen       total 108544K, used 66365K [0x00000006c4c00000, 0x00000006cb600000, 0x000000076c400000)
  object space 108544K, 61% used [0x00000006c4c00000,0x00000006c8ccf410,0x00000006cb600000)
 Metaspace       used 20010K, capacity 20254K, committed 20608K, reserved 1067008K
  class space    used 2071K, capacity 2145K, committed 2176K, reserved 1048576K
Event: 2021.160 GC heap after
Heap after GC invocations=2018 (full 10):
 PSYoungGen      total 98304K, used 2336K [0x000000076c400000, 0x0000000774000000, 0x00000007c0000000)
  eden space 72704K, 0% used [0x000000076c400000,0x000000076c400000,0x0000000770b00000)
  from space 25600K, 9% used [0x0000000772700000,0x00000007729483c8,0x0000000774000000)
  to   space 27136K, 0% used [0x0000000770b00000,0x0000000770b00000,0x0000000772580000)
 ParOldGen       total 108544K, used 67129K [0x00000006c4c00000, 0x00000006cb600000, 0x000000076c400000)
  object space 108544K, 61% used [0x00000006c4c00000,0x00000006c8d8e4a8,0x00000006cb600000)
 Metaspace       used 20010K, capacity 20254K, committed 20608K, reserved 1067008K
  class space    used 2071K, capacity 2145K, committed 2176K, reserved 1048576K
}
Event: 2023.311 GC heap before
{Heap before GC invocations=2019 (full 10):
 PSYoungGen      total 98304K, used 74985K [0x000000076c400000, 0x0000000774000000, 0x00000007c0000000)
  eden space 72704K, 99% used [0x000000076c400000,0x0000000770af20d8,0x0000000770b00000)
  from space 25600K, 9% used [0x0000000772700000,0x00000007729483c8,0x0000000774000000)
  to   space 27136K, 0% used [0x0000000770b00000,0x0000000770b00000,0x0000000772580000)
 ParOldGen       total 108544K, used 67129K [0x00000006c4c00000, 0x00000006cb600000, 0x000000076c400000)
  object space 108544K, 61% used [0x00000006c4c00000,0x00000006c8d8e4a8,0x00000006cb600000)
 Metaspace       used 20010K, capacity 20254K, committed 20608K, reserved 1067008K
  class space    used 2071K, capacity 2145K, committed 2176K, reserved 1048576K
Event: 2023.318 GC heap after
Heap after GC invocations=2019 (full 10):
 PSYoungGen      total 99840K, used 2832K [0x000000076c400000, 0x0000000774900000, 0x00000007c0000000)
  eden space 72704K, 0% used [0x000000076c400000,0x000000076c400000,0x0000000770b00000)
  from space 27136K, 10% used [0x0000000770b00000,0x0000000770dc41e0,0x0000000772580000)
  to   space 26624K, 0% used [0x0000000772f00000,0x0000000772f00000,0x0000000774900000)
 ParOldGen       total 108544K, used 67224K [0x00000006c4c00000, 0x00000006cb600000, 0x000000076c400000)
  object space 108544K, 61% used [0x00000006c4c00000,0x00000006c8da62f8,0x00000006cb600000)
 Metaspace       used 20010K, capacity 20254K, committed 20608K, reserved 1067008K
  class space    used 2071K, capacity 2145K, committed 2176K, reserved 1048576K
}

