# JRE version: Java(TM) SE Runtime Environment (8.0_201-b09) (build 1.8.0_201-b09)
# Java VM: Java HotSpot(TM) 64-Bit Server VM (25.201-b09 mixed mode windows-amd64 compressed oops)
Heap:
 PSYoungGen      total 404480K, used 202077K [0x00000000daf80000, 0x0000000100000000, 0x0000000100000000)
  eden space 202240K, 99% used [0x00000000daf80000,0x00000000e74d7698,0x00000000e7500000)
  from space 202240K, 0% used [0x00000000f3a80000,0x00000000f3a80000,0x0000000100000000)
  to   space 202240K, 0% used [0x00000000e7500000,0x00000000e7500000,0x00000000f3a80000)
 ParOldGen       total 1213952K, used 1213925K [0x0000000090e00000, 0x00000000daf80000, 0x00000000daf80000)
  object space 1213952K, 99% used [0x0000000090e00000,0x00000000daf797e0,0x00000000daf80000)
 Metaspace       used 18068K, capacity 18358K, committed 18816K, reserved 1067008K
  class space    used 1701K, capacity 1789K, committed 1920K, reserved 1048576K
GC Heap History (10 events):
Event: 9050.082 GC heap before
{Heap before GC invocations=5695 (full 5193):
 PSYoungGen      total 404480K, used 202003K [0x00000000daf80000, 0x0000000100000000, 0x0000000100000000)
  eden space 202240K, 99% used [0x00000000daf80000,0x00000000e74c4c18,0x00000000e7500000)
  from space 202240K, 0% used [0x00000000f3a80000,0x00000000f3a80000,0x0000000100000000)
  to   space 202240K, 0% used [0x00000000e7500000,0x00000000e7500000,0x00000000f3a80000)
 ParOldGen       total 1213952K, used 1213870K [0x0000000090e00000, 0x00000000daf80000, 0x00000000daf80000)
  object space 1213952K, 99% used [0x0000000090e00000,0x00000000daf6baf8,0x00000000daf80000)
 Metaspace       used 18076K, capacity 18370K, committed 18816K, reserved 1067008K
  class space    used 1702K, capacity 1791K, committed 1920K, reserved 1048576K
Event: 9051.058 GC heap after
Heap after GC invocations=5695 (full 5193):
 PSYoungGen      total 404480K, used 42922K [0x00000000daf80000, 0x0000000100000000, 0x0000000100000000)
  eden space 202240K, 21% used [0x00000000daf80000,0x00000000dd96aa70,0x00000000e7500000)
  from space 202240K, 0% used [0x00000000f3a80000,0x00000000f3a80000,0x0000000100000000)
  to   space 202240K, 0% used [0x00000000e7500000,0x00000000e7500000,0x00000000f3a80000)
 ParOldGen       total 1213952K, used 1213773K [0x0000000090e00000, 0x00000000daf80000, 0x00000000daf80000)
  object space 1213952K, 99% used [0x0000000090e00000,0x00000000daf53438,0x00000000daf80000)
 Metaspace       used 18056K, capacity 18340K, committed 18816K, reserved 1067008K
  class space    used 1700K, capacity 1786K, committed 1920K, reserved 1048576K
}
Event: 9051.272 GC heap before
{Heap before GC invocations=5696 (full 5194):
 PSYoungGen      total 404480K, used 202108K [0x00000000daf80000, 0x0000000100000000, 0x0000000100000000)
  eden space 202240K, 99% used [0x00000000daf80000,0x00000000e74df118,0x00000000e7500000)
  from space 202240K, 0% used [0x00000000f3a80000,0x00000000f3a80000,0x0000000100000000)
  to   space 202240K, 0% used [0x00000000e7500000,0x00000000e7500000,0x00000000f3a80000)
 ParOldGen       total 1213952K, used 1213773K [0x0000000090e00000, 0x00000000daf80000, 0x00000000daf80000)
  object space 1213952K, 99% used [0x0000000090e00000,0x00000000daf53438,0x00000000daf80000)
 Metaspace       used 18083K, capacity 18382K, committed 18816K, reserved 1067008K
  class space    used 1704K, capacity 1793K, committed 1920K, reserved 1048576K
Event: 9052.335 GC heap after
Heap after GC invocations=5696 (full 5194):
 PSYoungGen      total 404480K, used 50781K [0x00000000daf80000, 0x0000000100000000, 0x0000000100000000)
  eden space 202240K, 25% used [0x00000000daf80000,0x00000000de117518,0x00000000e7500000)
  from space 202240K, 0% used [0x00000000f3a80000,0x00000000f3a80000,0x0000000100000000)
  to   space 202240K, 0% used [0x00000000e7500000,0x00000000e7500000,0x00000000f3a80000)
 ParOldGen       total 1213952K, used 1213837K [0x0000000090e00000, 0x00000000daf80000, 0x00000000daf80000)
  object space 1213952K, 99% used [0x0000000090e00000,0x00000000daf63760,0x00000000daf80000)
 Metaspace       used 18056K, capacity 18340K, committed 18816K, reserved 1067008K
  class space    used 1700K, capacity 1786K, committed 1920K, reserved 1048576K
}
Event: 9052.456 GC heap before
{Heap before GC invocations=5697 (full 5195):
 PSYoungGen      total 404480K, used 201965K [0x00000000daf80000, 0x0000000100000000, 0x0000000100000000)
  eden space 202240K, 99% used [0x00000000daf80000,0x00000000e74bb6c8,0x00000000e7500000)
  from space 202240K, 0% used [0x00000000f3a80000,0x00000000f3a80000,0x0000000100000000)
  to   space 202240K, 0% used [0x00000000e7500000,0x00000000e7500000,0x00000000f3a80000)
 ParOldGen       total 1213952K, used 1213837K [0x0000000090e00000, 0x00000000daf80000, 0x00000000daf80000)
  object space 1213952K, 99% used [0x0000000090e00000,0x00000000daf63760,0x00000000daf80000)
 Metaspace       used 18079K, capacity 18376K, committed 18816K, reserved 1067008K
  class space    used 1703K, capacity 1792K, committed 1920K, reserved 1048576K
Event: 9053.469 GC heap after
Heap after GC invocations=5697 (full 5195):
 PSYoungGen      total 404480K, used 42079K [0x00000000daf80000, 0x0000000100000000, 0x0000000100000000)
  eden space 202240K, 20% used [0x00000000daf80000,0x00000000dd897c98,0x00000000e7500000)
  from space 202240K, 0% used [0x00000000f3a80000,0x00000000f3a80000,0x0000000100000000)
  to   space 202240K, 0% used [0x00000000e7500000,0x00000000e7500000,0x00000000f3a80000)
 ParOldGen       total 1213952K, used 1213897K [0x0000000090e00000, 0x00000000daf80000, 0x00000000daf80000)
  object space 1213952K, 99% used [0x0000000090e00000,0x00000000daf72528,0x00000000daf80000)
 Metaspace       used 18056K, capacity 18340K, committed 18816K, reserved 1067008K
  class space    used 1700K, capacity 1786K, committed 1920K, reserved 1048576K
}
Event: 9053.632 GC heap before
{Heap before GC invocations=5698 (full 5196):
 PSYoungGen      total 404480K, used 202199K [0x00000000daf80000, 0x0000000100000000, 0x0000000100000000)
  eden space 202240K, 99% used [0x00000000daf80000,0x00000000e74f5d28,0x00000000e7500000)
  from space 202240K, 0% used [0x00000000f3a80000,0x00000000f3a80000,0x0000000100000000)
  to   space 202240K, 0% used [0x00000000e7500000,0x00000000e7500000,0x00000000f3a80000)
 ParOldGen       total 1213952K, used 1213897K [0x0000000090e00000, 0x00000000daf80000, 0x00000000daf80000)
  object space 1213952K, 99% used [0x0000000090e00000,0x00000000daf72528,0x00000000daf80000)
 Metaspace       used 18056K, capacity 18340K, committed 18816K, reserved 1067008K
  class space    used 1700K, capacity 1786K, committed 1920K, reserved 1048576K
Event: 9054.597 GC heap after
Heap after GC invocations=5698 (full 5196):
 PSYoungGen      total 404480K, used 34254K [0x00000000daf80000, 0x0000000100000000, 0x0000000100000000)
  eden space 202240K, 16% used [0x00000000daf80000,0x00000000dd0f3840,0x00000000e7500000)
  from space 202240K, 0% used [0x00000000f3a80000,0x00000000f3a80000,0x0000000100000000)
  to   space 202240K, 0% used [0x00000000e7500000,0x00000000e7500000,0x00000000f3a80000)
 ParOldGen       total 1213952K, used 1213702K [0x0000000090e00000, 0x00000000daf80000, 0x00000000daf80000)
  object space 1213952K, 99% used [0x0000000090e00000,0x00000000daf41a60,0x00000000daf80000)
 Metaspace       used 18056K, capacity 18340K, committed 18816K, reserved 1067008K
  class space    used 1700K, capacity 1786K, committed 1920K, reserved 1048576K
}
Event: 9054.836 GC heap before
{Heap before GC invocations=5699 (full 5197):
 PSYoungGen      total 404480K, used 202212K [0x00000000daf80000, 0x0000000100000000, 0x0000000100000000)
  eden space 202240K, 99% used [0x00000000daf80000,0x00000000e74f9370,0x00000000e7500000)
  from space 202240K, 0% used [0x00000000f3a80000,0x00000000f3a80000,0x0000000100000000)
  to   space 202240K, 0% used [0x00000000e7500000,0x00000000e7500000,0x00000000f3a80000)
 ParOldGen       total 1213952K, used 1213702K [0x0000000090e00000, 0x00000000daf80000, 0x00000000daf80000)
  object space 1213952K, 99% used [0x0000000090e00000,0x00000000daf41a60,0x00000000daf80000)
 Metaspace       used 18079K, capacity 18376K, committed 18816K, reserved 1067008K
  class space    used 1703K, capacity 1792K, committed 1920K, reserved 1048576K
Event: 9055.887 GC heap after
Heap after GC invocations=5699 (full 5197):
 PSYoungGen      total 404480K, used 23245K [0x00000000daf80000, 0x0000000100000000, 0x0000000100000000)
  eden space 202240K, 11% used [0x00000000daf80000,0x00000000dc633418,0x00000000e7500000)
  from space 202240K, 0% used [0x00000000f3a80000,0x00000000f3a80000,0x0000000100000000)
  to   space 202240K, 0% used [0x00000000e7500000,0x00000000e7500000,0x00000000f3a80000)
 ParOldGen       total 1213952K, used 1213925K [0x0000000090e00000, 0x00000000daf80000, 0x00000000daf80000)
  object space 1213952K, 99% used [0x0000000090e00000,0x00000000daf797e0,0x00000000daf80000)
 Metaspace       used 18056K, capacity 18340K, committed 18816K, reserved 1067008K
  class space    used 1700K, capacity 1786K, committed 1920K, reserved 1048576K
}

